2025-04-23 00:43:12,310 - INFO - Connected to SQLite database: imhotep_clinic.db
2025-04-23 00:43:12,344 - INFO - Connected to PostgreSQL database: imhotep_smart_clinic
2025-04-23 00:43:12,344 - INFO - === PHASE 1: MIGRATING PATIENTS ===
2025-04-23 00:43:12,345 - INFO - Found 44 patient records for doctor_id=4 in source database
2025-04-23 00:43:12,352 - INFO - Target schema for doctor_patients: {'date_added': {'type': 'timestamp with time zone', 'nullable': False}, 'date_of_birth': {'type': 'date', 'nullable': True}, 'doctor_id': {'type': 'bigint', 'nullable': False}, 'id': {'type': 'bigint', 'nullable': False}, 'phone_number': {'type': 'character varying', 'nullable': False}, 'name': {'type': 'character varying', 'nullable': False}, 'gender': {'type': 'character varying', 'nullable': False}}
2025-04-23 00:43:12,521 - INFO - Successfully migrated 44 new patients out of 44 for doctor_id=4
2025-04-23 00:43:12,522 - INFO - Total patients available for medical records: 44
2025-04-23 00:43:12,522 - INFO - Completed Phase 1: 44 patients migrated successfully
2025-04-23 00:43:12,522 - INFO - === PHASE 2: MIGRATING MEDICAL RECORDS ===
2025-04-23 00:43:12,522 - INFO - Using 44 migrated patient IDs as reference
2025-04-23 00:43:12,522 - INFO - Source schema for details: {'id': 'INTEGER', 'd_id': 'INTEGER', 'doc_id': 'INTEGER', 'date': 'TEXT', 'prescription': 'TEXT', 'details': 'TEXT', 'remarks': 'TEXT', 'category': 'TEXT'}
2025-04-23 00:43:12,525 - INFO - Target schema for doctor_medicalrecord: {'doctor_id': {'type': 'bigint', 'nullable': False}, 'patient_id': {'type': 'bigint', 'nullable': False}, 'date': {'type': 'timestamp with time zone', 'nullable': False}, 'id': {'type': 'bigint', 'nullable': False}, 'remarks': {'type': 'character varying', 'nullable': False}, 'details': {'type': 'character varying', 'nullable': False}, 'prescription': {'type': 'character varying', 'nullable': True}}
2025-04-23 00:43:12,525 - INFO - Found 141 medical records total in source database
2025-04-23 00:43:12,529 - ERROR - Error inserting medical record: insert or update on table "doctor_medicalrecord" violates foreign key constraint "doctor_medicalrecord_doctor_id_f2e136d2_fk_doctor_do"
DETAIL:  Key (doctor_id)=(0) is not present in table "doctor_doctorprofile".

2025-04-23 00:43:12,529 - ERROR - Row data: [0, 3, '2024-02-13', 'From SHC On 9/2/24 after primary PCI to RCA out of hospital\r\nPCI @ LCX ( RADIAL 1st. Time for me) after difficult to open total OM on 13/2/24', 'None', 'No data']
2025-04-23 00:43:12,529 - INFO - Migrated 0 medical records so far...
2025-04-23 00:43:12,530 - ERROR - Error inserting medical record: insert or update on table "doctor_medicalrecord" violates foreign key constraint "doctor_medicalrecord_doctor_id_f2e136d2_fk_doctor_do"
DETAIL:  Key (doctor_id)=(0) is not present in table "doctor_doctorprofile".

2025-04-23 00:43:12,530 - ERROR - Row data: [0, 4, '2005-12-10', 'No data', 'No data', 'تحاليل المتبرع ok \r\nعرض سكر ok \r\nAsk 4 isotope.  Ivp \r\n']
2025-04-23 00:43:12,530 - INFO - Migrated 0 medical records so far...
2025-04-23 00:43:12,532 - ERROR - Error inserting medical record: insert or update on table "doctor_medicalrecord" violates foreign key constraint "doctor_medicalrecord_doctor_id_f2e136d2_fk_doctor_do"
DETAIL:  Key (doctor_id)=(0) is not present in table "doctor_doctorprofile".

2025-04-23 00:43:12,532 - ERROR - Row data: [0, 5, '2005-12-10', 'No data', 'No data', 'تحاليل المتبرع ok \r\nعرض سكر ok \r\nAsk 4 isotope.  Ivp \r\n']
2025-04-23 00:43:12,532 - INFO - Migrated 0 medical records so far...
2025-04-23 00:43:12,533 - ERROR - Error inserting medical record: insert or update on table "doctor_medicalrecord" violates foreign key constraint "doctor_medicalrecord_doctor_id_f2e136d2_fk_doctor_do"
DETAIL:  Key (doctor_id)=(0) is not present in table "doctor_doctorprofile".

2025-04-23 00:43:12,533 - ERROR - Row data: [0, 6, '2005-12-10', 'No data', 'No data', 'تحاليل المتبرع ok \r\nعرض سكر ok \r\nAsk 4 isotope.  Ivp \r\n']
2025-04-23 00:43:12,533 - INFO - Migrated 0 medical records so far...
2025-04-23 00:43:12,534 - ERROR - Error inserting medical record: insert or update on table "doctor_medicalrecord" violates foreign key constraint "doctor_medicalrecord_doctor_id_f2e136d2_fk_doctor_do"
DETAIL:  Key (doctor_id)=(0) is not present in table "doctor_doctorprofile".

2025-04-23 00:43:12,534 - ERROR - Row data: [0, 7, '2005-12-10', 'No data', 'No data', 'تحاليل المتبرع ok \r\nعرض سكر ok \r\nAsk 4 isotope.  Ivp \r\n']
2025-04-23 00:43:12,534 - INFO - Migrated 0 medical records so far...
2025-04-23 00:43:12,535 - ERROR - Error inserting medical record: insert or update on table "doctor_medicalrecord" violates foreign key constraint "doctor_medicalrecord_doctor_id_f2e136d2_fk_doctor_do"
DETAIL:  Key (doctor_id)=(0) is not present in table "doctor_doctorprofile".

2025-04-23 00:43:12,535 - ERROR - Row data: [0, 8, '2005-12-10', 'No data', 'No data', 'تحاليل المتبرع ok \r\nعرض سكر ok \r\nAsk 4 isotope.  Ivp \r\n']
2025-04-23 00:43:12,535 - INFO - Migrated 0 medical records so far...
2025-04-23 00:43:12,535 - ERROR - Error inserting medical record: insert or update on table "doctor_medicalrecord" violates foreign key constraint "doctor_medicalrecord_doctor_id_f2e136d2_fk_doctor_do"
DETAIL:  Key (doctor_id)=(0) is not present in table "doctor_doctorprofile".

2025-04-23 00:43:12,536 - ERROR - Row data: [0, 9, '2005-12-10', 'No data', 'No data', 'تحاليل المتبرع ok \r\nعرض سكر ok \r\nAsk 4 isotope.  Ivp \r\n']
2025-04-23 00:43:12,536 - INFO - Migrated 0 medical records so far...
2025-04-23 00:43:12,537 - ERROR - Error inserting medical record: insert or update on table "doctor_medicalrecord" violates foreign key constraint "doctor_medicalrecord_doctor_id_f2e136d2_fk_doctor_do"
DETAIL:  Key (doctor_id)=(0) is not present in table "doctor_doctorprofile".

2025-04-23 00:43:12,538 - ERROR - Row data: [0, 10, '2005-12-10', 'No data', 'No data', 'تحاليل المتبرع ok \r\nعرض سكر ok \r\nAsk 4 isotope.  Ivp \r\n']
2025-04-23 00:43:12,538 - INFO - Migrated 0 medical records so far...
2025-04-23 00:43:12,538 - ERROR - Error inserting medical record: insert or update on table "doctor_medicalrecord" violates foreign key constraint "doctor_medicalrecord_doctor_id_f2e136d2_fk_doctor_do"
DETAIL:  Key (doctor_id)=(0) is not present in table "doctor_doctorprofile".

2025-04-23 00:43:12,538 - ERROR - Row data: [0, 11, '2005-12-10', 'No data', 'No data', 'تحاليل المتبرع ok \r\nعرض سكر ok \r\nAsk 4 isotope.  Ivp \r\n']
2025-04-23 00:43:12,538 - INFO - Migrated 0 medical records so far...
2025-04-23 00:43:12,539 - ERROR - Error inserting medical record: insert or update on table "doctor_medicalrecord" violates foreign key constraint "doctor_medicalrecord_doctor_id_f2e136d2_fk_doctor_do"
DETAIL:  Key (doctor_id)=(0) is not present in table "doctor_doctorprofile".

2025-04-23 00:43:12,539 - ERROR - Row data: [0, 12, '2005-12-10', 'No data', 'No data', 'تحاليل المتبرع ok \r\nعرض سكر ok \r\nAsk 4 isotope.  Ivp \r\n']
2025-04-23 00:43:12,539 - INFO - Migrated 0 medical records so far...
2025-04-23 00:43:12,540 - ERROR - Error inserting medical record: insert or update on table "doctor_medicalrecord" violates foreign key constraint "doctor_medicalrecord_doctor_id_f2e136d2_fk_doctor_do"
DETAIL:  Key (doctor_id)=(0) is not present in table "doctor_doctorprofile".

2025-04-23 00:43:12,540 - ERROR - Row data: [0, 13, '2005-12-10', 'No data', 'No data', 'تحاليل المتبرع ok \r\nعرض سكر ok \r\nAsk 4 isotope.  Ivp \r\n']
2025-04-23 00:43:12,540 - INFO - Migrated 0 medical records so far...
2025-04-23 00:43:12,540 - ERROR - Error inserting medical record: insert or update on table "doctor_medicalrecord" violates foreign key constraint "doctor_medicalrecord_doctor_id_f2e136d2_fk_doctor_do"
DETAIL:  Key (doctor_id)=(0) is not present in table "doctor_doctorprofile".

2025-04-23 00:43:12,541 - ERROR - Row data: [0, 14, '2005-12-10', 'No data', 'No data', 'تحاليل المتبرع ok \r\nعرض سكر ok \r\nAsk 4 isotope.  Ivp \r\n']
2025-04-23 00:43:12,541 - INFO - Migrated 0 medical records so far...
2025-04-23 00:43:12,541 - ERROR - Error inserting medical record: insert or update on table "doctor_medicalrecord" violates foreign key constraint "doctor_medicalrecord_doctor_id_f2e136d2_fk_doctor_do"
DETAIL:  Key (doctor_id)=(0) is not present in table "doctor_doctorprofile".

2025-04-23 00:43:12,541 - ERROR - Row data: [0, 15, '2005-12-10', 'No data', 'No data', 'تحاليل المتبرع ok \r\nعرض سكر ok \r\nAsk 4 isotope.  Ivp \r\n']
2025-04-23 00:43:12,542 - INFO - Migrated 0 medical records so far...
2025-04-23 00:43:12,542 - ERROR - Error inserting medical record: insert or update on table "doctor_medicalrecord" violates foreign key constraint "doctor_medicalrecord_doctor_id_f2e136d2_fk_doctor_do"
DETAIL:  Key (doctor_id)=(0) is not present in table "doctor_doctorprofile".

2025-04-23 00:43:12,542 - ERROR - Row data: [0, 16, '2005-12-10', 'No data', 'No data', 'تحاليل المتبرع ok \r\nعرض سكر ok \r\nAsk 4 isotope.  Ivp \r\n']
2025-04-23 00:43:12,542 - INFO - Migrated 0 medical records so far...
2025-04-23 00:43:12,543 - ERROR - Error inserting medical record: insert or update on table "doctor_medicalrecord" violates foreign key constraint "doctor_medicalrecord_doctor_id_f2e136d2_fk_doctor_do"
DETAIL:  Key (doctor_id)=(0) is not present in table "doctor_doctorprofile".

2025-04-23 00:43:12,543 - ERROR - Row data: [0, 17, '2005-12-10', 'No data', 'No data', 'تحاليل المتبرع ok \r\nعرض سكر ok \r\nAsk 4 isotope.  Ivp \r\n']
2025-04-23 00:43:12,543 - INFO - Migrated 0 medical records so far...
2025-04-23 00:43:12,543 - ERROR - Error inserting medical record: insert or update on table "doctor_medicalrecord" violates foreign key constraint "doctor_medicalrecord_doctor_id_f2e136d2_fk_doctor_do"
DETAIL:  Key (doctor_id)=(0) is not present in table "doctor_doctorprofile".

2025-04-23 00:43:12,544 - ERROR - Row data: [0, 18, '2005-12-10', 'No data', 'No data', 'تحاليل المتبرع ok \r\nعرض سكر ok \r\nAsk 4 isotope.  Ivp \r\n']
2025-04-23 00:43:12,544 - INFO - Migrated 0 medical records so far...
2025-04-23 00:43:12,544 - ERROR - Error inserting medical record: insert or update on table "doctor_medicalrecord" violates foreign key constraint "doctor_medicalrecord_doctor_id_f2e136d2_fk_doctor_do"
DETAIL:  Key (doctor_id)=(0) is not present in table "doctor_doctorprofile".

2025-04-23 00:43:12,544 - ERROR - Row data: [0, 19, '2005-12-10', 'No data', 'No data', 'تحاليل المتبرع ok \r\nعرض سكر ok \r\nAsk 4 isotope.  Ivp \r\n']
2025-04-23 00:43:12,544 - INFO - Migrated 0 medical records so far...
2025-04-23 00:43:12,545 - ERROR - Error inserting medical record: insert or update on table "doctor_medicalrecord" violates foreign key constraint "doctor_medicalrecord_doctor_id_f2e136d2_fk_doctor_do"
DETAIL:  Key (doctor_id)=(0) is not present in table "doctor_doctorprofile".

2025-04-23 00:43:12,545 - ERROR - Row data: [0, 20, '2005-12-10', 'No data', 'No data', 'تحاليل المتبرع ok \r\nعرض سكر ok \r\nAsk 4 isotope.  Ivp \r\n']
2025-04-23 00:43:12,545 - INFO - Migrated 0 medical records so far...
2025-04-23 00:43:12,546 - ERROR - Error inserting medical record: insert or update on table "doctor_medicalrecord" violates foreign key constraint "doctor_medicalrecord_doctor_id_f2e136d2_fk_doctor_do"
DETAIL:  Key (doctor_id)=(0) is not present in table "doctor_doctorprofile".

2025-04-23 00:43:12,546 - ERROR - Row data: [0, 21, '2005-12-10', 'No data', 'No data', 'تحاليل المتبرع ok \r\nعرض سكر ok \r\nAsk 4 isotope.  Ivp \r\n']
2025-04-23 00:43:12,546 - INFO - Migrated 0 medical records so far...
2025-04-23 00:43:12,547 - ERROR - Error inserting medical record: insert or update on table "doctor_medicalrecord" violates foreign key constraint "doctor_medicalrecord_doctor_id_f2e136d2_fk_doctor_do"
DETAIL:  Key (doctor_id)=(0) is not present in table "doctor_doctorprofile".

2025-04-23 00:43:12,547 - ERROR - Row data: [0, 22, '2005-12-10', 'No data', 'No data', 'تحاليل المتبرع ok \r\nعرض سكر ok \r\nAsk 4 isotope.  Ivp \r\n']
2025-04-23 00:43:12,547 - INFO - Migrated 0 medical records so far...
2025-04-23 00:43:12,547 - ERROR - Error inserting medical record: insert or update on table "doctor_medicalrecord" violates foreign key constraint "doctor_medicalrecord_doctor_id_f2e136d2_fk_doctor_do"
DETAIL:  Key (doctor_id)=(0) is not present in table "doctor_doctorprofile".

2025-04-23 00:43:12,547 - ERROR - Row data: [0, 23, '2005-12-10', 'No data', 'No data', 'تحاليل المتبرع ok \r\nعرض سكر ok \r\nAsk 4 isotope.  Ivp \r\n']
2025-04-23 00:43:12,547 - INFO - Migrated 0 medical records so far...
2025-04-23 00:43:12,548 - ERROR - Error inserting medical record: insert or update on table "doctor_medicalrecord" violates foreign key constraint "doctor_medicalrecord_doctor_id_f2e136d2_fk_doctor_do"
DETAIL:  Key (doctor_id)=(0) is not present in table "doctor_doctorprofile".

2025-04-23 00:43:12,548 - ERROR - Row data: [0, 24, '2005-12-10', 'No data', 'No data', 'تحاليل المتبرع ok \r\nعرض سكر ok \r\nAsk 4 isotope.  Ivp \r\n']
2025-04-23 00:43:12,548 - INFO - Migrated 0 medical records so far...
2025-04-23 00:43:12,550 - ERROR - Error inserting medical record: insert or update on table "doctor_medicalrecord" violates foreign key constraint "doctor_medicalrecord_doctor_id_f2e136d2_fk_doctor_do"
DETAIL:  Key (doctor_id)=(0) is not present in table "doctor_doctorprofile".

2025-04-23 00:43:12,550 - ERROR - Row data: [0, 26, '2005-12-10', 'No data', 'No data', 'تحاليل المتبرع ok \r\nعرض سكر ok \r\nAsk 4 isotope.  Ivp \r\n']
2025-04-23 00:43:12,550 - INFO - Migrated 0 medical records so far...
2025-04-23 00:43:12,550 - ERROR - Error inserting medical record: insert or update on table "doctor_medicalrecord" violates foreign key constraint "doctor_medicalrecord_doctor_id_f2e136d2_fk_doctor_do"
DETAIL:  Key (doctor_id)=(0) is not present in table "doctor_doctorprofile".

2025-04-23 00:43:12,551 - ERROR - Row data: [0, 29, '2005-12-10', 'No data', 'No data', 'تحاليل المتبرع ok \r\nعرض سكر ok \r\nAsk 4 isotope.  Ivp \r\n']
2025-04-23 00:43:12,551 - INFO - Migrated 0 medical records so far...
2025-04-23 00:43:12,551 - ERROR - Error inserting medical record: insert or update on table "doctor_medicalrecord" violates foreign key constraint "doctor_medicalrecord_doctor_id_f2e136d2_fk_doctor_do"
DETAIL:  Key (doctor_id)=(0) is not present in table "doctor_doctorprofile".

2025-04-23 00:43:12,551 - ERROR - Row data: [0, 30, '2005-12-10', 'No data', 'No data', 'تحاليل المتبرع ok \r\nعرض سكر ok \r\nAsk 4 isotope.  Ivp \r\n']
2025-04-23 00:43:12,551 - INFO - Migrated 0 medical records so far...
2025-04-23 00:43:12,552 - ERROR - Error inserting medical record: insert or update on table "doctor_medicalrecord" violates foreign key constraint "doctor_medicalrecord_doctor_id_f2e136d2_fk_doctor_do"
DETAIL:  Key (doctor_id)=(0) is not present in table "doctor_doctorprofile".

2025-04-23 00:43:12,552 - ERROR - Row data: [0, 33, '2005-12-10', 'No data', 'No data', 'تحاليل المتبرع ok \r\nعرض سكر ok \r\nAsk 4 isotope.  Ivp \r\n']
2025-04-23 00:43:12,552 - INFO - Migrated 0 medical records so far...
2025-04-23 00:43:12,552 - ERROR - Error inserting medical record: insert or update on table "doctor_medicalrecord" violates foreign key constraint "doctor_medicalrecord_doctor_id_f2e136d2_fk_doctor_do"
DETAIL:  Key (doctor_id)=(0) is not present in table "doctor_doctorprofile".

2025-04-23 00:43:12,552 - ERROR - Row data: [0, 37, '2005-12-10', 'No data', 'No data', 'تحاليل المتبرع ok \r\nعرض سكر ok \r\nAsk 4 isotope.  Ivp \r\n']
2025-04-23 00:43:12,552 - INFO - Migrated 0 medical records so far...
2025-04-23 00:43:12,553 - ERROR - Error inserting medical record: insert or update on table "doctor_medicalrecord" violates foreign key constraint "doctor_medicalrecord_doctor_id_f2e136d2_fk_doctor_do"
DETAIL:  Key (doctor_id)=(0) is not present in table "doctor_doctorprofile".

2025-04-23 00:43:12,553 - ERROR - Row data: [0, 38, '2005-12-10', 'No data', 'No data', 'تحاليل المتبرع ok \r\nعرض سكر ok \r\nAsk 4 isotope.  Ivp \r\n']
2025-04-23 00:43:12,553 - INFO - Migrated 0 medical records so far...
2025-04-23 00:43:12,554 - ERROR - Error inserting medical record: insert or update on table "doctor_medicalrecord" violates foreign key constraint "doctor_medicalrecord_doctor_id_f2e136d2_fk_doctor_do"
DETAIL:  Key (doctor_id)=(0) is not present in table "doctor_doctorprofile".

2025-04-23 00:43:12,554 - ERROR - Row data: [0, 42, '2005-12-10', 'No data', 'No data', 'تحاليل المتبرع ok \r\nعرض سكر ok \r\nAsk 4 isotope.  Ivp \r\n']
2025-04-23 00:43:12,554 - INFO - Migrated 0 medical records so far...
2025-04-23 00:43:12,554 - ERROR - Error inserting medical record: insert or update on table "doctor_medicalrecord" violates foreign key constraint "doctor_medicalrecord_doctor_id_f2e136d2_fk_doctor_do"
DETAIL:  Key (doctor_id)=(0) is not present in table "doctor_doctorprofile".

2025-04-23 00:43:12,554 - ERROR - Row data: [0, 45, '2005-12-10', 'No data', 'No data', 'تحاليل المتبرع ok \r\nعرض سكر ok \r\nAsk 4 isotope.  Ivp \r\n']
2025-04-23 00:43:12,554 - INFO - Migrated 0 medical records so far...
2025-04-23 00:43:12,555 - ERROR - Error inserting medical record: insert or update on table "doctor_medicalrecord" violates foreign key constraint "doctor_medicalrecord_doctor_id_f2e136d2_fk_doctor_do"
DETAIL:  Key (doctor_id)=(0) is not present in table "doctor_doctorprofile".

2025-04-23 00:43:12,555 - ERROR - Row data: [0, 46, '2005-12-10', 'No data', 'No data', 'تحاليل المتبرع ok \r\nعرض سكر ok \r\nAsk 4 isotope.  Ivp \r\n']
2025-04-23 00:43:12,555 - INFO - Migrated 0 medical records so far...
2025-04-23 00:43:12,556 - ERROR - Error inserting medical record: insert or update on table "doctor_medicalrecord" violates foreign key constraint "doctor_medicalrecord_doctor_id_f2e136d2_fk_doctor_do"
DETAIL:  Key (doctor_id)=(0) is not present in table "doctor_doctorprofile".

2025-04-23 00:43:12,556 - ERROR - Row data: [0, 56, '2005-12-10', 'No data', 'No data', 'تحاليل المتبرع ok \r\nعرض سكر ok \r\nAsk 4 isotope.  Ivp \r\n']
2025-04-23 00:43:12,556 - INFO - Migrated 0 medical records so far...
2025-04-23 00:43:12,558 - WARNING - Could not parse date: 6/2023, using default date
2025-04-23 00:43:12,563 - WARNING - Could not parse date: 10/10/23 :, using default date
2025-04-23 00:43:12,568 - WARNING - Could not parse date: 10/10/23:, using default date
2025-04-23 00:43:12,579 - WARNING - Could not parse date: 27/8/2023:, using default date
2025-04-23 00:43:12,584 - WARNING - Could not parse date: 8/2023, using default date
2025-04-23 00:43:12,607 - WARNING - Could not parse date: 3/1/2023:, using default date
2025-04-23 00:43:12,612 - WARNING - Could not parse date: 15/7/2023:, using default date
2025-04-23 00:43:12,616 - WARNING - Could not parse date: 6/6/2023:, using default date
2025-04-23 00:43:12,622 - WARNING - Could not parse date: 11/7/2023:, using default date
2025-04-23 00:43:12,634 - WARNING - Could not parse date: 9/8/2020 :, using default date
2025-04-23 00:43:12,638 - WARNING - Could not parse date: 30/8/2021 :, using default date
2025-04-23 00:43:12,649 - WARNING - Could not parse date: 5/9/22 :, using default date
2025-04-23 00:43:12,669 - WARNING - Could not parse date: 27/10/23 :, using default date
2025-04-23 00:43:12,679 - WARNING - Could not parse date: 31/10/23:, using default date
2025-04-23 00:43:12,739 - ERROR - Error inserting medical record: insert or update on table "doctor_medicalrecord" violates foreign key constraint "doctor_medicalrecord_doctor_id_f2e136d2_fk_doctor_do"
DETAIL:  Key (doctor_id)=(2) is not present in table "doctor_doctorprofile".

2025-04-23 00:43:12,740 - ERROR - Row data: [2, 2, '2005-12-10', '• 50 mg 3 times /wk  in ckd pt \r\n• 70 mg 3 times/wk  in Dx pt \r\n• 50 mg 1600  12 tab \r\n• 70 mg 2244  12 tab ', 'No data', 'No data']
2025-04-23 00:43:12,740 - ERROR - Error inserting medical record: insert or update on table "doctor_medicalrecord" violates foreign key constraint "doctor_medicalrecord_doctor_id_f2e136d2_fk_doctor_do"
DETAIL:  Key (doctor_id)=(2) is not present in table "doctor_doctorprofile".

2025-04-23 00:43:12,740 - ERROR - Row data: [2, 3, '2005-12-10', 'ايمان أسامة شوقي محمد 33سنة\r\nالمتبرع ابراهيم محمد شوقي 52 سنة (العم)\r\nفتح ملف 9/10/2023\r\nا.د مجدي الشرقاوي\r\n\r\nMiss match 4/6 (1 DR)\r\nPRA (pending)\r\n\r\nCMV ig G M for donor pending\r\n\r\nDonor U/S mild hepatomegaly\r\n\r\nIsotope scan done GRF 116\r\n\r\nIVP pending\r\n\r\nAscending for patient os done .. normal\r\nناقص الivp', 'No data', 'No data']
2025-04-23 00:43:12,741 - ERROR - Error inserting medical record: insert or update on table "doctor_medicalrecord" violates foreign key constraint "doctor_medicalrecord_doctor_id_f2e136d2_fk_doctor_do"
DETAIL:  Key (doctor_id)=(2) is not present in table "doctor_doctorprofile".

2025-04-23 00:43:12,741 - ERROR - Row data: [2, 4, '2005-12-10', 'هبة رمزي علي 42 س\r\nمتبرع محمود فتحي علام 40سنة(ابن اخت)..24/9/2023.. ا.د اشرف دنيا\r\n\r\nPt is G3 P2A1\r\n2006 on HD  multiple axis failure\r\nHx of blood transfusion 3 unit not Filtered\r\n\r\nImmunology-ve \r\nCmv ig G +ve. Ig M -ve\r\nVirology-ve\r\n\r\nMiss match 1 2 1\r\n(4/6 DR 1)\r\n\r\nDSA class l -ve \r\nClass ll DP 11 1935\r\n\r\n Cross match -ve\r\n\r\nWaiting for asending\r\n\r\n\r\nDonor\r\nUrine analysis 2+ ca oxalate\r\n\r\nUS renal gravels\r\nCTUT 8/2023 normal\r\nIsotope GFR 82\r\n\r\n\r\nWaiting for rest of virology HB HIV\r\nUrinary drug screening\r\nاعادة ال isotope\r\nقالت هتجيبها خلال الاسبوع دة', 'No data', 'No data']
2025-04-23 00:43:12,742 - ERROR - Error inserting medical record: insert or update on table "doctor_medicalrecord" violates foreign key constraint "doctor_medicalrecord_doctor_id_f2e136d2_fk_doctor_do"
DETAIL:  Key (doctor_id)=(2) is not present in table "doctor_doctorprofile".

2025-04-23 00:43:12,742 - ERROR - Row data: [2, 5, '2005-12-10', 'منة اسماعيل محمد 13س\r\nالمتبرعة رشا رشاد سليمان 41 سنة (الام)\r\nفتح ملف 24/9/2023\r\nا.د. اشرف دنيا\r\n Pt is HTN ESRD since 8m \r\n3 biopsy taken but no documents\r\nHistory of fits and on tiratam\r\nPt is anuric\r\nMiss match 1 1 0\r\nImmunology-ve\r\nMRI brain bilat parito occipital and deep subcortical and para fascine areas of abnormal signal intensities\r\nLt temporal patchy area of altered signal..subacute ischaemia\r\nMRA and MRV normal\r\n\r\n\r\nRasha is G3 P3 A0\r\nPMH is free\r\n\r\nللمتبرعة US GB polyp\r\n\r\n\r\nMismatch 110 (2/6)\r\n\r\nCross match -ve\r\nPRA -ve\r\n\r\nRenal isotope for donor GFR 118.4\r\nIVP normal\r\n\r\nتم احضار السونار والايكو والتحاليل الأولية والفيروسات للمريضة\r\n\r\nمطلوب للمريضة\r\nLupus anticoagulant\r\nAscending \r\n\r\nمطلوب للمتبرعة \r\nRenal angio\r\nلسة ماجابتهومش\r\n• \r\n• منة اسماعيل محمد 13س\r\nالمتبرعة رشا رشاد سليمان 41 سنة (الام)\r\nفتح ملف 24/9/2023\r\nا.د. اشرف دنيا\r\n Pt is HTN ESRD since 8m \r\n3 biopsy taken but no documents\r\nHistory of fits and on tiratam\r\nPt is anuric\r\nMiss match 1 1 0\r\nImmunology-ve\r\nMRI brain bilat parito occipital and deep subcortical and para fascine areas of abnormal signal intensities\r\nLt temporal patchy area of altered signal..subacute ischaemia\r\nMRA and MRV normal\r\n\r\n\r\nRasha is G3 P3 A0\r\nPMH is free\r\n\r\nللمتبرعة US GB polyp\r\n\r\n\r\nMismatch 110 (2/6)\r\n\r\nCross match -ve\r\nPRA -ve\r\n\r\nRenal isotope for donor GFR 118.4\r\nIVP normal\r\n\r\nتم احضار السونار والايكو والتحاليل الأولية والفيروسات للمريضة\r\n\r\nمطلوب للمريضة\r\nLupus anticoagulant\r\nAscending \r\n\r\nمطلوب للمتبرعة \r\nRenal angio\r\n• ', 'No data', 'No data']
2025-04-23 00:43:12,743 - ERROR - Error inserting medical record: insert or update on table "doctor_medicalrecord" violates foreign key constraint "doctor_medicalrecord_doctor_id_f2e136d2_fk_doctor_do"
DETAIL:  Key (doctor_id)=(2) is not present in table "doctor_doctorprofile".

2025-04-23 00:43:12,743 - ERROR - Row data: [2, 6, '2005-12-10', 'محمد محمود عبد الحميد 52 \r\nس\r\nالمتبرع حسن فتحي حسن 39 سنة (غريب)\r\nفتح ملف 21/9/2023\r\nا.د. اشرف دنيا\r\n\r\nم الاتصال بالمريض لحضوره يوم الاحد مع المتبرع لعمل clinical examinationواخذ history\r\n\r\nMiss match 2 1 1(4/6)\r\n \r\nPRA class l -ve\r\nClass ll 9%\r\nDSA\xa0 .. DR53 3307\r\nDQ 7 4050\r\n (11/6/2023)\xa0\r\n\r\nUS and Echo is done for both\xa0\r\n\r\nPt do echo and sestamibi scintigraphy and has medical report fr om dr. Mohy elabady no CI for transplantation\xa0\r\n\r\nStop aspirin and plavix 5days before op and start clexan 60 once daily\r\n\r\n\r\n PSA 0.81\r\nUrine analysis Pus cells 50-55\r\nCulture Ecoli\r\n  Start ttt\r\n\r\nIsotope GFR 98.2\r\nIVP normql\r\nوتم طلب ال renal angio للمتبرع اتعملت\r\nفاضل يجيب تقريرها وتتعرض علي د طارق\r\n• محمد محمود عبد الحميد 52 \r\nس\r\nالمتبرع حسن فتحي حسن 39 سنة (غريب)\r\nفتح ملف 21/9/2023\r\nا.د. اشرف دنيا\r\n\r\nم الاتصال بالمريض لحضوره يوم الاحد مع المتبرع لعمل clinical examinationواخذ history\r\n\r\nMiss match 2 1 1(4/6)\r\n \r\nPRA class l -ve\r\nClass ll 9%\r\nDSA\xa0 .. DR53 3307\r\nDQ 7 4050\r\n (11/6/2023)\xa0\r\n\r\nUS and Echo is done for both\xa0\r\n\r\nPt do echo and sestamibi scintigraphy and has medical report fr om dr. Mohy elabady no CI for transplantation\xa0\r\n\r\nStop aspirin and plavix 5days before op and start clexan 60 once daily\r\n\r\n\r\n PSA 0.81\r\nUrine analysis Pus cells 50-55\r\nCulture Ecoli\r\n  Start ttt\r\n\r\nIsotope GFR 98.2\r\nIVP normql\r\nوتم طلب ال renal angio للمتبرع', 'No data', 'No data']
2025-04-23 00:43:12,744 - ERROR - Error inserting medical record: insert or update on table "doctor_medicalrecord" violates foreign key constraint "doctor_medicalrecord_doctor_id_f2e136d2_fk_doctor_do"
DETAIL:  Key (doctor_id)=(2) is not present in table "doctor_doctorprofile".

2025-04-23 00:43:12,744 - ERROR - Row data: [2, 7, '2005-12-10', 'منال ميشيل ميخائيل 51سنة\r\nالمتبرع إميل ميشيل ميخائيل 51 سنة (الاخ)\r\nفتح ملف209/2023\r\nا.د لينة خضر\r\n\r\nMismatch 0\r\nPRA class l 55%\r\nClass ll 11%\r\n\r\nالمريضة منال urine analysis pus cells 50-55\r\nCulture Ecoli\r\nStart ttt\r\n\r\nImmunology -ve\r\nCross match -ve\r\nاعادة تحليل البول والمزرعة لعمل ascending\r\nاميل المتبرع\r\nIsotope done normal GFR 117\r\n\r\nاطلبت الأشعة ال angio on renal a\r\nللمتبرع اتعملت\r\nد لينة قالت تعمل ب 6 جلسات فصل و ريتوكسيماب', 'No data', 'No data']
2025-04-23 00:43:12,744 - WARNING - Could not parse date: None, using default date
2025-04-23 00:43:12,745 - ERROR - Error inserting medical record: insert or update on table "doctor_medicalrecord" violates foreign key constraint "doctor_medicalrecord_doctor_id_f2e136d2_fk_doctor_do"
DETAIL:  Key (doctor_id)=(2) is not present in table "doctor_doctorprofile".

2025-04-23 00:43:12,745 - ERROR - Row data: [2, 8, '2005-12-10', "اية محمود حامد \r\nالمتبرع الام\r\nاد/اشرف دنيا \r\nفتح ملف 2023/10/2\r\nPt is ITP with Hx of blood TX ,NOW on HDx\r\nHx of renal biopsy taken \r\nTissue typing , cross match requested and \r\nI called her 4/10 didn't do it up till now\r\nAngio ,isotope done\r\nTissue typing  done \r\nRecipient with persistent thrombocytopenia  (plt )54\r\nتم العرض علي د اشرف وطلب عرض امراض دم مع احتماليه اخد BMA\r\nتم عمل عرض امراض الدم ولا يوجد مانع من الزرع\r\n\r\nPt known ITP", 'No data', 'No data']
2025-04-23 00:43:12,746 - ERROR - Error inserting medical record: insert or update on table "doctor_medicalrecord" violates foreign key constraint "doctor_medicalrecord_doctor_id_f2e136d2_fk_doctor_do"
DETAIL:  Key (doctor_id)=(2) is not present in table "doctor_doctorprofile".

2025-04-23 00:43:12,746 - ERROR - Row data: [2, 9, '2005-12-10', 'ابراهيم الدسوقي \r\nالمتبرع الاب \r\nاد /مجدي الشرقاوي \r\nفتح ملف  2/2023\r\nالملف جاهز  مطلوب العرض علي د مجدي فقط \r\nAs donor HBc IGM  positive hepatology consult. Done with no ci\r\nChest consultation done to D&R for restrictive pattern  AND no ci also \r\nتم أخذ رأي د مجدي يوم الاتنين ولم يوافق علي ارسال لجنة \r\nمع اعادة HBV screening  after 3 months\r\nتم اعادة عرض الكبد ونفس الرد \r\nسيتم عرض الملف ان شاءالله علي د مجدي يوم السبت', 'No data', 'No data']
2025-04-23 00:43:12,747 - ERROR - Error inserting medical record: insert or update on table "doctor_medicalrecord" violates foreign key constraint "doctor_medicalrecord_doctor_id_f2e136d2_fk_doctor_do"
DETAIL:  Key (doctor_id)=(2) is not present in table "doctor_doctorprofile".

2025-04-23 00:43:12,747 - ERROR - Row data: [2, 10, '2005-12-10', 'محمد علي\r\nالمتبرعة الام\r\nاد /اشرف دنيا \r\nفتح ملف 7/2023\r\nPt is query oxalosis for  +/- gene study\r\nDonor \r\n24h urinary ptn 3/2023  300mg\r\n24h urinary ptn 8/2023 1800 mg  (false collection)\r\n24h urinary ptn 9/2023  400 mg \r\nNB المتبرعة عاملة كذا ACR كلهم كويسين \r\nمطلوب العرض علي د اشرف لأخذ قرار بالملف', 'No data', 'No data']
2025-04-23 00:43:12,747 - WARNING - Could not parse date: None, using default date
2025-04-23 00:43:12,748 - ERROR - Error inserting medical record: insert or update on table "doctor_medicalrecord" violates foreign key constraint "doctor_medicalrecord_doctor_id_f2e136d2_fk_doctor_do"
DETAIL:  Key (doctor_id)=(2) is not present in table "doctor_doctorprofile".

2025-04-23 00:43:12,748 - ERROR - Row data: [2, 11, '2005-12-10', 'ماري خليل \r\nالمتبرع الام\r\nاد مجدي الشرقاوي \r\nفتح ملف 8/2023\r\nتم عمل الأنسجة MM111\r\nPRA also done \r\nAngio done\r\nتم تشييت الحالة يوم الاتنين \r\nDonor BP 160/100\r\nتم ارسال لجنة\r\nمطلوب ارسال قرار بعد عرض الملف علي د اشرف ', 'No data', 'No data']
2025-04-23 00:43:12,748 - ERROR - Error inserting medical record: insert or update on table "doctor_medicalrecord" violates foreign key constraint "doctor_medicalrecord_doctor_id_f2e136d2_fk_doctor_do"
DETAIL:  Key (doctor_id)=(2) is not present in table "doctor_doctorprofile".

2025-04-23 00:43:12,748 - ERROR - Row data: [2, 12, '2005-12-10', 'احمد عبدالفتاح. \r\nالمتبرع الزوجة \r\nفتح ملف 2/10/2023\r\nPt with HX of previous renal TX  failed 2 m ago \r\nStart HDX from mahouker,HXof blood Tx\r\nPRA  requested\r\nLabs and radio  requested to donor and recipient\r\nتم الاتصال بالمريض  ولم يحضر اي تحاليل او اشعة حتي الآن \r\nالمريض سأل عن PRA في القوات المسلحة والمادة حاليا غير متوفرة [مازال منتظر المادة]\r\nتم التواصل ولم يحضر حتي الآن', 'No data', 'No data']
2025-04-23 00:43:12,749 - ERROR - Error inserting medical record: insert or update on table "doctor_medicalrecord" violates foreign key constraint "doctor_medicalrecord_doctor_id_f2e136d2_fk_doctor_do"
DETAIL:  Key (doctor_id)=(2) is not present in table "doctor_doctorprofile".

2025-04-23 00:43:12,749 - ERROR - Row data: [2, 13, '2005-12-10', 'شهد جاد \r\nالمتبرع الاب \r\n اد مجدي الشرقاوي \r\nفتح ملف1/2023\r\nالملف جاهز وتم  إحضار موافقة الادارة واللجنة \r\nPt with Hx of blood TX at 7/2023 for PRA requested at 23/9 \r\nClass I 5%\r\nClass II  4%\r\nتم عرض الملف علي د مجدي يوم السبت ولايوجد مانع من الزرع مع التحضير ب 4ATG\r\nتم طلب تجديدات للمريضة و FCM', 'No data', 'No data']
2025-04-23 00:43:12,750 - ERROR - Error inserting medical record: insert or update on table "doctor_medicalrecord" violates foreign key constraint "doctor_medicalrecord_doctor_id_f2e136d2_fk_doctor_do"
DETAIL:  Key (doctor_id)=(2) is not present in table "doctor_doctorprofile".

2025-04-23 00:43:12,750 - ERROR - Row data: [2, 14, '2005-12-10', 'محمد زكريا المريض\r\nالمتبرع الأخ \r\nفتح ملف 2023/10/9\r\nاد مجدي الشرقاوي \r\nRecipient polycystic kidney \r\nTissue typing  done \r\nتم طلب باقي الاشعة والتحاليل  \r\n+ CTUT to D&R\r\nتم إحضار الاشعة والتحاليل المطلوبة \r\nتم عمل عرض قلب للمريض عند د محي لوجود ischemic changes in echo\r\nتم عمل العرض وطلب thalium study or Coronary angiography', 'No data', 'No data']
2025-04-23 00:43:12,750 - ERROR - Error inserting medical record: insert or update on table "doctor_medicalrecord" violates foreign key constraint "doctor_medicalrecord_doctor_id_f2e136d2_fk_doctor_do"
DETAIL:  Key (doctor_id)=(2) is not present in table "doctor_doctorprofile".

2025-04-23 00:43:12,750 - ERROR - Row data: [2, 15, '2005-12-10', 'ايمان اسامه عايش \r\nتم عمل التحاليل  الاوليه وال pra \r\nوالمناعات والانسجه والcross match والتحاليل الاوليه للمتبرع \r\nوخروج للجنه ومطلوب ascending\r\nوالحاله cr 9ولسه لحد دلوقتى ما بداتش غسيل وعامله ال AVF', 'No data', 'No data']
2025-04-23 00:43:12,751 - ERROR - Error inserting medical record: insert or update on table "doctor_medicalrecord" violates foreign key constraint "doctor_medicalrecord_doctor_id_f2e136d2_fk_doctor_do"
DETAIL:  Key (doctor_id)=(2) is not present in table "doctor_doctorprofile".

2025-04-23 00:43:12,751 - ERROR - Row data: [2, 16, '2005-12-10', 'نورهان عبده\r\nالمتبرع عبده ابراهيم الاب \r\nعملو التحاليل الاوليه وجابو نتيجه ال pRA خلاص يوم الاتنين واتطلب للمتبرع ivp \r\nوكلمته قال هيعمله الاسبوع الجاى والشكوى معاه دايما ماديه وبيقول هيا اللى بتاخره', 'No data', 'No data']
2025-04-23 00:43:12,751 - ERROR - Error inserting medical record: insert or update on table "doctor_medicalrecord" violates foreign key constraint "doctor_medicalrecord_doctor_id_f2e136d2_fk_doctor_do"
DETAIL:  Key (doctor_id)=(2) is not present in table "doctor_doctorprofile".

2025-04-23 00:43:12,752 - ERROR - Row data: [2, 17, '2005-12-10', 'احمد رجب عبدالعزيز (blind) \r\nالمتبرع والدته امل صالح \r\nجاب جواب التامين  وجواب اللجنه خلاص جاب جواب ال ATG \r\nعمل عرض القلب وحجز عرض التخدير وحاجته خلصانه خلاص\r\nوانطلبله تجديدات هو والمتبرعه اول الاسبوع وعملها وجه بيها النهارده وعمل المسحات والمقطعيات ودخول السبت القادم باذن الله', 'No data', 'No data']
2025-04-23 00:43:12,752 - ERROR - Error inserting medical record: insert or update on table "doctor_medicalrecord" violates foreign key constraint "doctor_medicalrecord_doctor_id_f2e136d2_fk_doctor_do"
DETAIL:  Key (doctor_id)=(2) is not present in table "doctor_doctorprofile".

2025-04-23 00:43:12,752 - ERROR - Row data: [2, 18, '2005-12-10', 'وفاء محمد \r\nالمتبرعه رضا عزوز ..الام \r\nعملو التحاليل الاوليه  \r\nتم عمل المسح الذرى وعمل الانسجه وال  و وcrossmatch  وpra وتم عمل ال ascending وطلع فيه \r\nGrade 4 reflux bilateral\r\nوتم العرض ع الدكتور محمد عصمت الاسبوع اللى فات \r\nوقال نتطمن الاول ع ال control of micturition و ع recurrent UTi', 'No data', 'No data']
2025-04-23 00:43:12,753 - ERROR - Error inserting medical record: insert or update on table "doctor_medicalrecord" violates foreign key constraint "doctor_medicalrecord_doctor_id_f2e136d2_fk_doctor_do"
DETAIL:  Key (doctor_id)=(2) is not present in table "doctor_doctorprofile".

2025-04-23 00:43:12,753 - ERROR - Row data: [2, 19, '2005-12-10', 'إسلام عبدالستار / 25 سنة/ B-ve \r\nانعام طه (الام) / 58 سنة/ B+ve \r\nفتح الملف 27/9/2023\r\nد.مجدي الشرقاوي \r\n\r\nDonner \r\nACR 156 mg/gm ف المعهد\r\nتم إعادته ف البرج بتاريخ 19/9\r\nACR 6.8 mg/gm\r\nإعادة تحليل بول ف البرج بتاريخ 19/9\r\nRBCS 3-5\r\nPus 10-15\r\nEpithelial cells few\r\n\r\nProt/Cr ratio of recepient 15850 mg 10/2023\r\nUs show bulky spleen \r\nEcho  1/11/2023 pericardial effusion, sings of pulmonary HTN \r\n\r\nRenal angio show dual arterial supply of Lt kidney and retroaortic course of Lt renal vein', 'No data', 'No data']
2025-04-23 00:43:12,754 - ERROR - Error inserting medical record: insert or update on table "doctor_medicalrecord" violates foreign key constraint "doctor_medicalrecord_doctor_id_f2e136d2_fk_doctor_do"
DETAIL:  Key (doctor_id)=(2) is not present in table "doctor_doctorprofile".

2025-04-23 00:43:12,754 - ERROR - Row data: [2, 20, '2005-12-10', 'شروق رضا / 15 سنة/ B +ve\r\nفاطمة طه/ 40 سنة/  B +ve \r\nفتح الملف 9/10/2023 باسم د.مجدي الشرقاوي\r\n\r\nEcho of recepient EF 54 % , concentric LVH with mild reduction of global function , mild MR, dilated LA, PASP 37\r\n Cardiac consultation with Dr mohey / low risk with no contraindications\r\n\r\nUrinary alb/Cr ratio of donner 3681 mg \r\n\r\nاعادة alb/Cr  ف البرج \r\nAlb/Cr ratio 9.37 mg\r\nتم طلب Isotope وايكو و full labs  للمتبرعة بتاريخ 23/10/2023', 'No data', 'No data']
2025-04-23 00:43:12,754 - ERROR - Error inserting medical record: insert or update on table "doctor_medicalrecord" violates foreign key constraint "doctor_medicalrecord_doctor_id_f2e136d2_fk_doctor_do"
DETAIL:  Key (doctor_id)=(2) is not present in table "doctor_doctorprofile".

2025-04-23 00:43:12,754 - ERROR - Row data: [2, 21, '2005-12-10', 'ايمان فتحي/ 22 سنة / B +ve \r\nناصرة متولي /56 سنة/ B+ve\r\nد. اشرف دنيا\r\n Pt not no dialysis \r\nتم حجز المريضة وعمل التحاليل وايكو وسونار متبقى IVP \r\nومتابعة التحاليل أسبوعيا وعمل AVF \r\n\r\nDonner had hx of DM for one year on metformin stopped 2 months ago, as pt lose weight and DM controlled \r\nتم طلب  HbA1c للمتبرعة يوم الأربعاء 6.2\r\nHas DSA  / DQ  titre 11177\r\n\r\nالمريضة كانت بتحضر ف عين شمس وتحاليل المتبرعة من 2022\r\nتم عرض الملف ع د.اشرف وطلب \r\nDoputamine ECHO for donner \r\nوحضور المريضة والمتبرعة يوم الأحد', 'No data', 'No data']
2025-04-23 00:43:12,755 - ERROR - Error inserting medical record: insert or update on table "doctor_medicalrecord" violates foreign key constraint "doctor_medicalrecord_doctor_id_f2e136d2_fk_doctor_do"
DETAIL:  Key (doctor_id)=(2) is not present in table "doctor_doctorprofile".

2025-04-23 00:43:12,755 - ERROR - Row data: [2, 22, '2005-12-10', 'جنى ميراز / 13 سنة / O +ve\r\nامنه رجب عبدالله / 39 سنه / O +ve \r\nفتح الملف 11/9/2023 د.اشرف دنيا\r\n\r\nالمريضة \r\nhx of fits and EEG show abnormal in the form of Lt frontal epileptiform interictal activity\r\n\r\nتم إحضار نتيجة 4/10/2023 \r\nTSH 7.04 \r\nEcho\r\nRenal Isotope scan\r\nولم يتم فتح قرار انسجه\r\nتم طلب \r\nIVP / Ascending', 'No data', 'No data']
2025-04-23 00:43:12,755 - ERROR - Error inserting medical record: insert or update on table "doctor_medicalrecord" violates foreign key constraint "doctor_medicalrecord_doctor_id_f2e136d2_fk_doctor_do"
DETAIL:  Key (doctor_id)=(2) is not present in table "doctor_doctorprofile".

2025-04-23 00:43:12,755 - ERROR - Row data: [2, 23, '2005-12-10', 'صفاء خالد / 23 سنة/ A +ve \r\nماجده عبدالله ( الام) /49 سنه / A+ ve  \r\nفتح ملف25/9/2023 د.مجدي \r\n\r\nالمتبرعة \r\nHb 9.7\r\nTlc 3.7\r\nتم اضافة حديد لمده شهر ثم إعادة صورة الدم \r\nالمريضة \r\nUs muddy G.B, RT  G 3, Lt marked hydronephrosis\r\nتم طلب أنسجة و IVP و PRA\r\nوالتأكيد ع الام بتصوير ملف الحجز بالمستشفى ولم يتم إحضاره حتى الآن ولم يتم إرسال قرار انسجه\r\nوتم الاتصال بالمتبرعة لإحضار النتائج ولم تحضر حتى يوم الخميس', 'No data', 'No data']
2025-04-23 00:43:12,756 - ERROR - Error inserting medical record: insert or update on table "doctor_medicalrecord" violates foreign key constraint "doctor_medicalrecord_doctor_id_f2e136d2_fk_doctor_do"
DETAIL:  Key (doctor_id)=(2) is not present in table "doctor_doctorprofile".

2025-04-23 00:43:12,756 - ERROR - Row data: [2, 11, '2005-12-10', 'عرض الملف علي د اشرف\r\nلا مانع \r\nماري خليل \r\nالمتبرع الام\r\nاد مجدي الشرقاوي \r\nفتح ملف 8/2023\r\nتم عمل الأنسجة MM111\r\nPRA also done \r\nAngio done\r\nتم تشييت الحالة يوم الاتنين \r\nDonor BP 160/100\r\nتم ارسال قرار الادارة \r\nالمتبرعة HCV positive  with negative  PCR \r\nعرض الكبد لا يوجد مانع \r\nتم العرض علي د مجدي ولا يوجد مانع', 'No data', 'تحاليل المتبرع ok \r\nعرض سكر ok \r\nAsk 4 isotope.  Ivp \r\n']
2025-04-23 00:43:12,757 - ERROR - Error inserting medical record: insert or update on table "doctor_medicalrecord" violates foreign key constraint "doctor_medicalrecord_doctor_id_f2e136d2_fk_doctor_do"
DETAIL:  Key (doctor_id)=(2) is not present in table "doctor_doctorprofile".

2025-04-23 00:43:12,757 - ERROR - Row data: [2, 15, '2023-11-13', 'Angio ok\r\nPPRA OK \r\nAscending normal \r\nارسال لجنه وتوثيق ', 'No data', 'No data']
2025-04-23 00:43:12,757 - ERROR - Error inserting medical record: insert or update on table "doctor_medicalrecord" violates foreign key constraint "doctor_medicalrecord_doctor_id_f2e136d2_fk_doctor_do"
DETAIL:  Key (doctor_id)=(2) is not present in table "doctor_doctorprofile".

2025-04-23 00:43:12,757 - ERROR - Row data: [2, 8, '2023-11-13', 'طلب تحليل بول ومزرعه \r\nوظائف كيد المتبرعه ', 'No data', 'No data']
2025-04-23 00:43:12,758 - ERROR - Error inserting medical record: insert or update on table "doctor_medicalrecord" violates foreign key constraint "doctor_medicalrecord_doctor_id_f2e136d2_fk_doctor_do"
DETAIL:  Key (doctor_id)=(2) is not present in table "doctor_doctorprofile".

2025-04-23 00:43:12,759 - ERROR - Row data: [2, 5, '2023-11-13', 'Ascending  ok \r\nAngio ok \r\nتم طلب محضر و توثيق ', 'No data', 'No data']
2025-04-23 00:43:12,759 - ERROR - Error inserting medical record: insert or update on table "doctor_medicalrecord" violates foreign key constraint "doctor_medicalrecord_doctor_id_f2e136d2_fk_doctor_do"
DETAIL:  Key (doctor_id)=(2) is not present in table "doctor_doctorprofile".

2025-04-23 00:43:12,759 - ERROR - Row data: [2, 18, '2023-11-20', 'Urine c s \r\nAverage UOP \r\n NO history of uti ', 'No data', 'No data']
2025-04-23 00:43:12,760 - ERROR - Error inserting medical record: insert or update on table "doctor_medicalrecord" violates foreign key constraint "doctor_medicalrecord_doctor_id_f2e136d2_fk_doctor_do"
DETAIL:  Key (doctor_id)=(2) is not present in table "doctor_doctorprofile".

2025-04-23 00:43:12,760 - ERROR - Row data: [2, 14, '2023-11-20', 'MIBI\r\nReversible ischemia \r\nاعاده العرض\r\nPSA \r\nAngio ', 'No data', 'No data']
2025-04-23 00:43:12,760 - WARNING - Could not parse date: 20/11, using default date
2025-04-23 00:43:12,761 - ERROR - Error inserting medical record: insert or update on table "doctor_medicalrecord" violates foreign key constraint "doctor_medicalrecord_doctor_id_f2e136d2_fk_doctor_do"
DETAIL:  Key (doctor_id)=(2) is not present in table "doctor_doctorprofile".

2025-04-23 00:43:12,761 - ERROR - Row data: [2, 19, '2005-12-10', 'محي العبادي  ok\r\nPRA class II  2% DR16 1182 \r\nNO SPECIFIC\r\nإقرار  تم طلب \r\nتوثيق ومحضر ok', 'No data', 'No data']
2025-04-23 00:43:12,761 - WARNING - Could not parse date: 20/11, using default date
2025-04-23 00:43:12,762 - ERROR - Error inserting medical record: insert or update on table "doctor_medicalrecord" violates foreign key constraint "doctor_medicalrecord_doctor_id_f2e136d2_fk_doctor_do"
DETAIL:  Key (doctor_id)=(2) is not present in table "doctor_doctorprofile".

2025-04-23 00:43:12,762 - ERROR - Row data: [2, 8, '2005-12-10', 'For ascending \r\nLiver function ok 4 donor \r\nعرض مسا المتبرعه uterine myoma', 'No data', 'No data']
2025-04-23 00:43:12,763 - WARNING - Could not parse date: 20/11, using default date
2025-04-23 00:43:12,763 - ERROR - Error inserting medical record: insert or update on table "doctor_medicalrecord" violates foreign key constraint "doctor_medicalrecord_doctor_id_f2e136d2_fk_doctor_do"
DETAIL:  Key (doctor_id)=(2) is not present in table "doctor_doctorprofile".

2025-04-23 00:43:12,763 - ERROR - Row data: [2, 12, '2005-12-10', 'لم يتم عمل PRA حتي الان ', 'No data', 'No data']
2025-04-23 00:43:12,763 - WARNING - Could not parse date: 20/12, using default date
2025-04-23 00:43:12,764 - ERROR - Error inserting medical record: insert or update on table "doctor_medicalrecord" violates foreign key constraint "doctor_medicalrecord_doctor_id_f2e136d2_fk_doctor_do"
DETAIL:  Key (doctor_id)=(2) is not present in table "doctor_doctorprofile".

2025-04-23 00:43:12,764 - ERROR - Row data: [2, 6, '2005-12-10', 'تم احضار تقري angio \r\n', 'No data', 'No data']
2025-04-23 00:43:12,765 - WARNING - Could not parse date: 20 /11, using default date
2025-04-23 00:43:12,765 - ERROR - Error inserting medical record: insert or update on table "doctor_medicalrecord" violates foreign key constraint "doctor_medicalrecord_doctor_id_f2e136d2_fk_doctor_do"
DETAIL:  Key (doctor_id)=(2) is not present in table "doctor_doctorprofile".

2025-04-23 00:43:12,765 - ERROR - Row data: [2, 15, '2005-12-10', 'Ready \r\nعرض اخدير وقلب ok ', 'No data', 'No data']
2025-04-23 00:43:12,765 - WARNING - Could not parse date: 20/11, using default date
2025-04-23 00:43:12,766 - ERROR - Error inserting medical record: insert or update on table "doctor_medicalrecord" violates foreign key constraint "doctor_medicalrecord_doctor_id_f2e136d2_fk_doctor_do"
DETAIL:  Key (doctor_id)=(2) is not present in table "doctor_doctorprofile".

2025-04-23 00:43:12,766 - ERROR - Row data: [2, 23, '2005-12-10', 'مزرعه citrobacter\r\nAdd amikin 5 session \r\n', 'No data', 'No data']
2025-04-23 00:43:12,767 - ERROR - Error inserting medical record: insert or update on table "doctor_medicalrecord" violates foreign key constraint "doctor_medicalrecord_doctor_id_f2e136d2_fk_doctor_do"
DETAIL:  Key (doctor_id)=(2) is not present in table "doctor_doctorprofile".

2025-04-23 00:43:12,767 - ERROR - Row data: [2, 14, '2023-11-25', 'محمد زكريا المريض\r\nالمتبرع الأخ \r\nفتح ملف 2023/10/9\r\nاد مجدي الشرقاوي \r\nRecipient polycystic kidney \r\nTissue typing  done \r\nتم طلب باقي الاشعة والتحاليل  \r\n+ CTUT to D&R\r\nتم إحضار الاشعة والتحاليل المطلوبة \r\nتم عمل عرض قلب للمريض عند د محي لوجود ischemic changes in echo\r\nتم عمل عرض القلب و د محي طلب thalium scan وتم عمله ويوجد reversible ischemic changes  وله اعادة العرض مرة اخري', 'No data', 'No data']
2025-04-23 00:43:12,768 - ERROR - Error inserting medical record: insert or update on table "doctor_medicalrecord" violates foreign key constraint "doctor_medicalrecord_doctor_id_f2e136d2_fk_doctor_do"
DETAIL:  Key (doctor_id)=(2) is not present in table "doctor_doctorprofile".

2025-04-23 00:43:12,768 - ERROR - Row data: [2, 13, '2023-11-25', 'شهد جاد \r\nالمتبرع الاب \r\n اد مجدي الشرقاوي \r\nفتح ملف1/2023\r\nالملف جاهز وتم  إحضار موافقة الادارة واللجنة \r\nPt with Hx of blood TX at 7/2023 for PRA requested at 23/9 \r\nClass I 5%\r\nClass II  4%\r\nتم عرض الملف علي د مجدي يوم السبت ولايوجد مانع من الزرع مع التحضير ب 4ATG\r\nتم العرض علي د مجدي يوم الاثنين ١٦/١٠ \r\nتم عمل عرض القلب عند د محي بعد العلاج و \r\nPt with mild pericardial effusion  ,no Ci to RTX\r\nدمجدي تؤجل الحاله ', 'No data', 'No data']
2025-04-23 00:43:12,769 - ERROR - Error inserting medical record: insert or update on table "doctor_medicalrecord" violates foreign key constraint "doctor_medicalrecord_doctor_id_f2e136d2_fk_doctor_do"
DETAIL:  Key (doctor_id)=(2) is not present in table "doctor_doctorprofile".

2025-04-23 00:43:12,769 - ERROR - Row data: [2, 9, '2023-11-25', 'ابراهيم الدسوقي \r\nالمتبرع الاب \r\nاد /مجدي الشرقاوي \r\nفتح ملف  2/2023\r\nالملف جاهز  مطلوب العرض علي د مجدي فقط \r\nAs donor HBc IGM  positive hepatology consult. Done with no ci\r\nChest consultation done to D&R for restrictive pattern  AND no ci also \r\nتم أخذ رأي د مجدي يوم الاتنين ولم يوافق علي ارسال لجنة \r\nمع اعادة HBV screening  after 3 months\r\nتم إعادة عرض الكبد والتحاليل  ولا يوجد مانع \r\nوتم إعادة العرض علي د مجدي ولا يوجد مانع من إرسال لجنة', 'No data', 'No data']
2025-04-23 00:43:12,770 - ERROR - Error inserting medical record: insert or update on table "doctor_medicalrecord" violates foreign key constraint "doctor_medicalrecord_doctor_id_f2e136d2_fk_doctor_do"
DETAIL:  Key (doctor_id)=(2) is not present in table "doctor_doctorprofile".

2025-04-23 00:43:12,770 - ERROR - Row data: [2, 8, '2023-11-25', 'أرسال محضر وتوثيق', 'No data', 'No data']
2025-04-23 00:43:12,770 - ERROR - Error inserting medical record: insert or update on table "doctor_medicalrecord" violates foreign key constraint "doctor_medicalrecord_doctor_id_f2e136d2_fk_doctor_do"
DETAIL:  Key (doctor_id)=(2) is not present in table "doctor_doctorprofile".

2025-04-23 00:43:12,770 - ERROR - Row data: [2, 24, '2023-11-25', 'فاطمه محروس \r\nRecepient \r\nRenal biopsy - lupus grade 6\r\nAlb/Cr 36 gm\r\nANCA P +ve\r\nANA +ve\r\n\r\nDonner \r\nAlb/Cr 156 mg\r\nتم إعادته ف البرج \r\n5.6 mg/g\r\nUs RT kidney 10.6×3.8\r\nLt 9.6×5.4\r\n\r\nتم طلب انسجه ومسح ذري وCM , full labs, PRA, ECHO, us\r\nولم تحضر النتائج وتم الاتصال بالمريضة ف انتظار نتيجة TT وهتسلم النتائج يوم الاثنين', 'No data', 'No data']
2025-04-23 00:43:12,771 - ERROR - Error inserting medical record: insert or update on table "doctor_medicalrecord" violates foreign key constraint "doctor_medicalrecord_doctor_id_f2e136d2_fk_doctor_do"
DETAIL:  Key (doctor_id)=(2) is not present in table "doctor_doctorprofile".

2025-04-23 00:43:12,771 - ERROR - Row data: [2, 20, '2023-11-25', 'شروق رضا \r\nفاطمة طه\r\n\r\nEcho of recepient EF 54 % , concentric LVH with mild reduction of global function , mild MR, dilated LA, PASP 37\r\n Cardiac consultation with Dr mohey / low risk with no contraindications\r\n\r\nUrinary alb/Cr ratio of donner 3681 mg \r\n\r\nاعادة alb/Cr  ف البرج \r\nAlb/Cr ratio 9.37 mg\r\nتم طلب Isotope وايكو و full labs  للمتبرعة بتاريخ 23/10/2023\r\nاحضرت جواب التأمين بتاريخ 21/11 ولم تحضر النتائج', 'No data', 'No data']
2025-04-23 00:43:12,772 - ERROR - Error inserting medical record: insert or update on table "doctor_medicalrecord" violates foreign key constraint "doctor_medicalrecord_doctor_id_f2e136d2_fk_doctor_do"
DETAIL:  Key (doctor_id)=(2) is not present in table "doctor_doctorprofile".

2025-04-23 00:43:12,772 - ERROR - Row data: [2, 22, '2023-11-25', 'جنى ميراز \r\nامنه رجب عبدالله \r\n\r\nالمريضة \r\nhx of fits and EEG show abnormal in the form of Lt frontal epileptiform interictal activity\r\n\r\nتم إحضار نتيجة 4/10/2023 \r\nTSH 7.04 \r\nEcho\r\nRenal Isotope scan\r\nولم يتم فتح قرار انسجه\r\nتم طلب بتاريخ 25/10\r\nIVP / Ascending\r\nوتم الإتصال بالمريضة ولم يتم عمل الاشعات حتى اليوم  financial issues', 'No data', 'No data']
2025-04-23 00:43:12,772 - ERROR - Error inserting medical record: insert or update on table "doctor_medicalrecord" violates foreign key constraint "doctor_medicalrecord_doctor_id_f2e136d2_fk_doctor_do"
DETAIL:  Key (doctor_id)=(2) is not present in table "doctor_doctorprofile".

2025-04-23 00:43:12,772 - ERROR - Row data: [2, 22, '2023-11-25', 'جنى ميراز \r\nامنه رجب عبدالله \r\n\r\nالمريضة \r\nhx of fits and EEG show abnormal in the form of Lt frontal epileptiform interictal activity\r\n\r\nتم إحضار نتيجة 4/10/2023 \r\nTSH 7.04 \r\nEcho\r\nRenal Isotope scan\r\nولم يتم فتح قرار انسجه\r\nتم طلب بتاريخ 25/10\r\nIVP / Ascending\r\nوتم الإتصال بالمريضة ولم يتم عمل الاشعات حتى اليوم  financial issues', 'No data', 'No data']
2025-04-23 00:43:12,773 - ERROR - Error inserting medical record: insert or update on table "doctor_medicalrecord" violates foreign key constraint "doctor_medicalrecord_doctor_id_f2e136d2_fk_doctor_do"
DETAIL:  Key (doctor_id)=(2) is not present in table "doctor_doctorprofile".

2025-04-23 00:43:12,773 - ERROR - Row data: [2, 21, '2023-11-25', 'ايمان فتحي\r\nناصرة متولي \r\nDonner had hx of DM for one year on metformin stopped 2 months ago, as pt lose weight and DM controlled \r\nتم طلب  HbA1c للمتبرعة يوم الأربعاء 6.2\r\nHas DSA  / DQ  titre 11177\r\n\r\nالمريضة كانت بتحضر ف عين شمس وتحاليل المتبرعة من 2022\r\nتم عرض الملف ع د.اشرف وطلب \r\nDoputamine ECHO for donner\r\nولم يتم حتى الآن\r\nتم عمل AVF من شهر\r\nIntiated HD since 1 wk', 'No data', 'No data']
2025-04-23 00:43:12,774 - ERROR - Error inserting medical record: insert or update on table "doctor_medicalrecord" violates foreign key constraint "doctor_medicalrecord_doctor_id_f2e136d2_fk_doctor_do"
DETAIL:  Key (doctor_id)=(2) is not present in table "doctor_doctorprofile".

2025-04-23 00:43:12,774 - ERROR - Row data: [2, 4, '2023-12-04', 'Drug ok \r\nIsotope o\r\nAsc bilat reflux \r\nUrodynamic', 'No data', 'No data']
2025-04-23 00:43:12,774 - ERROR - Error inserting medical record: insert or update on table "doctor_medicalrecord" violates foreign key constraint "doctor_medicalrecord_doctor_id_f2e136d2_fk_doctor_do"
DETAIL:  Key (doctor_id)=(2) is not present in table "doctor_doctorprofile".

2025-04-23 00:43:12,774 - ERROR - Row data: [2, 8, '2023-12-04', 'عرض نسا \r\nOk\r\nAsc ok \r\nافلام ivp مع angio', 'No data', 'No data']
2025-04-23 00:43:12,775 - ERROR - Error inserting medical record: insert or update on table "doctor_medicalrecord" violates foreign key constraint "doctor_medicalrecord_doctor_id_f2e136d2_fk_doctor_do"
DETAIL:  Key (doctor_id)=(2) is not present in table "doctor_doctorprofile".

2025-04-23 00:43:12,775 - ERROR - Row data: [2, 25, '2023-12-04', 'المريضه pra \r\nتحاليل \r\nموجات \r\nHla ok\r\nالمتبرعه \r\nتحاليل ومسح ذريok\r\nIvp تم طلب\r\nAscending \r\nAnticardiolipin ig m positive ', 'No data', 'Tx ok\r\n\r\n']
2025-04-23 00:43:12,776 - ERROR - Error inserting medical record: insert or update on table "doctor_medicalrecord" violates foreign key constraint "doctor_medicalrecord_doctor_id_f2e136d2_fk_doctor_do"
DETAIL:  Key (doctor_id)=(2) is not present in table "doctor_doctorprofile".

2025-04-23 00:43:12,776 - ERROR - Row data: [2, 26, '2005-12-10', 'No data', 'No data', 'تحاليل المتبرع ok \r\nعرض سكر ok \r\nAsk 4 isotope.  Ivp \r\n']
2025-04-23 00:43:12,776 - ERROR - Error inserting medical record: insert or update on table "doctor_medicalrecord" violates foreign key constraint "doctor_medicalrecord_doctor_id_f2e136d2_fk_doctor_do"
DETAIL:  Key (doctor_id)=(2) is not present in table "doctor_doctorprofile".

2025-04-23 00:43:12,776 - ERROR - Row data: [2, 26, '2023-12-04', 'تحليل بول ومزرعه للمريض \r\nمتبقي الاشعه الصاعده \r\nالتاكد من الفصيله للمريض \r\nالمتبرع \r\nتم طلب angio \r\nعرض size of both kid علي د محمد عصمت ', 'No data', 'No data']
2025-04-23 00:43:12,777 - ERROR - Error inserting medical record: insert or update on table "doctor_medicalrecord" violates foreign key constraint "doctor_medicalrecord_doctor_id_f2e136d2_fk_doctor_do"
DETAIL:  Key (doctor_id)=(2) is not present in table "doctor_doctorprofile".

2025-04-23 00:43:12,777 - ERROR - Row data: [2, 4, '2023-12-18', 'Angio ok\r\nهل محتاج ivp \r\nد عصمت طلب urodynamic للمريض \r\nBecause of cont bladder \r\nMay need training ', 'No data', 'No data']
2025-04-23 00:43:12,777 - WARNING - Could not parse date: 1/12024, using default date
2025-04-23 00:43:12,778 - ERROR - Error inserting medical record: insert or update on table "doctor_medicalrecord" violates foreign key constraint "doctor_medicalrecord_doctor_id_f2e136d2_fk_doctor_do"
DETAIL:  Key (doctor_id)=(2) is not present in table "doctor_doctorprofile".

2025-04-23 00:43:12,778 - ERROR - Row data: [2, 14, '2005-12-10', 'د مجدي طلب pci \r\nد نيرين عكاشة ', 'No data', 'No data']
2025-04-23 00:43:12,778 - ERROR - Error inserting medical record: insert or update on table "doctor_medicalrecord" violates foreign key constraint "doctor_medicalrecord_doctor_id_f2e136d2_fk_doctor_do"
DETAIL:  Key (doctor_id)=(2) is not present in table "doctor_doctorprofile".

2025-04-23 00:43:12,779 - ERROR - Row data: [2, 22, '2024-01-01', 'Ivp ok \r\nAscending ok \r\nتم طلب angio\r\nNeuro consulting ', 'No data', 'No data']
2025-04-23 00:43:12,784 - ERROR - Error inserting medical record: insert or update on table "doctor_medicalrecord" violates foreign key constraint "doctor_medicalrecord_doctor_id_f2e136d2_fk_doctor_do"
DETAIL:  Key (doctor_id)=(0) is not present in table "doctor_doctorprofile".

2025-04-23 00:43:12,784 - ERROR - Row data: [0, 62, '2005-12-10', 'No data', 'No data', 'تحاليل المتبرع ok \r\nعرض سكر ok \r\nAsk 4 isotope.  Ivp \r\n']
2025-04-23 00:43:12,784 - ERROR - Error inserting medical record: insert or update on table "doctor_medicalrecord" violates foreign key constraint "doctor_medicalrecord_doctor_id_f2e136d2_fk_doctor_do"
DETAIL:  Key (doctor_id)=(0) is not present in table "doctor_doctorprofile".

2025-04-23 00:43:12,784 - ERROR - Row data: [0, 63, '2005-12-10', 'No data', 'No data', 'تحاليل المتبرع ok \r\nعرض سكر ok \r\nAsk 4 isotope.  Ivp \r\n']
2025-04-23 00:43:12,785 - ERROR - Error inserting medical record: insert or update on table "doctor_medicalrecord" violates foreign key constraint "doctor_medicalrecord_doctor_id_f2e136d2_fk_doctor_do"
DETAIL:  Key (doctor_id)=(0) is not present in table "doctor_doctorprofile".

2025-04-23 00:43:12,785 - ERROR - Row data: [0, 66, '2024-03-26', 'Coronary angio : difficult left system canulation ?? Ostial LAD  ', 'None', 'No data']
2025-04-23 00:43:12,811 - INFO - Migrated 50 medical records so far...
2025-04-23 00:43:12,830 - INFO - Successfully migrated 55 medical records out of 141
2025-04-23 00:43:12,830 - INFO - Completed Phase 2: 55 medical records migrated successfully
2025-04-23 00:43:12,830 - INFO - Migration completed successfully. Total 99 records migrated.
2025-04-23 00:43:12,830 - INFO - SQLite connection closed
2025-04-23 00:43:12,830 - INFO - Target database connection closed
2025-04-23 00:43:12,830 - INFO - Migration completed successfully!
